Command line:
   TBmemorydemo_isim_beh.exe
     -simmode  gui
     -simrunnum  0
     -socket  60903

Fri Jul 01 12:18:37 2022


 Elaboration Time: 0.046875 sec

 Current Memory Usage: 4681.4 Meg

 Total Signals          : 2
 Total Nets             : 4
 Total Signal Drivers   : 1
 Total Blocks           : 2
 Total Primitive Blocks : 2
 Total Processes        : 1
 Total Traceable Variables  : 8
 Total Scalar Nets and Variables : 364
Total Line Count : 9

 Total Simulation Time: 0.0625 sec

 Current Memory Usage: 4995.97 Meg

Fri Jul 01 12:19:28 2022

